app/build/intermediates/manifest_merge_blame_file/debug/manifest-merger-blame-debug-report.txt
1<?xml version="1.0" encoding="utf-8"?>
2<manifest xmlns:android="http://schemas.android.com/apk/res/android"
3    package="com.easovation.customerfacingqrdisplay_bt"
4    android:versionCode="1"
5    android:versionName="1.0" >
6
7    <uses-sdk
8        android:minSdkVersion="23"
8-->src/main/AndroidManifest.xml
9        android:targetSdkVersion="33" />
9-->src/main/AndroidManifest.xml
10
11    <uses-permission android:name="android.permission.INTERNET" />
11-->src/main/AndroidManifest.xml:5:5-67
11-->src/main/AndroidManifest.xml:5:22-64
12    <uses-permission android:name="android.permission.FOREGROUND_SERVICE" />
12-->src/main/AndroidManifest.xml:6:5-77
12-->src/main/AndroidManifest.xml:6:22-74
13    <uses-permission android:name="android.permission.WRITE_EXTERNAL_STORAGE" />
13-->src/main/AndroidManifest.xml:7:5-81
13-->src/main/AndroidManifest.xml:7:22-78
14    <uses-permission android:name="android.permission.READ_EXTERNAL_STORAGE" />
14-->src/main/AndroidManifest.xml:8:5-80
14-->src/main/AndroidManifest.xml:8:22-77
15    <uses-permission android:name="android.permission.WAKE_LOCK" />
15-->src/main/AndroidManifest.xml:9:5-68
15-->src/main/AndroidManifest.xml:9:22-65
16    <uses-permission android:name="android.permission.ACCESS_NETWORK_STATE" />
16-->src/main/AndroidManifest.xml:10:5-79
16-->src/main/AndroidManifest.xml:10:22-76
17    <uses-permission android:name="android.permission.BLUETOOTH" />
17-->src/main/AndroidManifest.xml:12:5-68
17-->src/main/AndroidManifest.xml:12:22-65
18    <uses-permission android:name="android.permission.BLUETOOTH_ADMIN" />
18-->src/main/AndroidManifest.xml:13:5-74
18-->src/main/AndroidManifest.xml:13:22-71
19    <uses-permission android:name="android.permission.BLUETOOTH_CONNECT" />
19-->src/main/AndroidManifest.xml:14:5-75
19-->src/main/AndroidManifest.xml:14:22-73
20    <uses-permission android:name="android.permission.BLUETOOTH_SCAN" />
20-->src/main/AndroidManifest.xml:15:5-72
20-->src/main/AndroidManifest.xml:15:22-70
21    <uses-permission android:name="android.permission.ACCESS_FINE_LOCATION" />
21-->src/main/AndroidManifest.xml:17:5-79
21-->src/main/AndroidManifest.xml:17:22-76
22    <uses-permission android:name="android.permission.ACCESS_COARSE_LOCATION" />
22-->src/main/AndroidManifest.xml:18:5-81
22-->src/main/AndroidManifest.xml:18:22-78
23
24    <uses-feature
24-->src/main/AndroidManifest.xml:19:5-21:35
25        android:name="android.hardware.bluetooth_le"
25-->src/main/AndroidManifest.xml:20:9-53
26        android:required="true" />
26-->src/main/AndroidManifest.xml:21:9-32
27
28    <application
28-->src/main/AndroidManifest.xml:22:5-51:19
29        android:appComponentFactory="androidx.core.app.CoreComponentFactory"
29-->[androidx.core:core:1.7.0] AndroidManifest.xml:24:18-86
30        android:debuggable="true"
31        android:extractNativeLibs="false"
32        android:icon="@mipmap/app_icon"
32-->src/main/AndroidManifest.xml:23:9-40
33        android:label="@string/app_name"
33-->src/main/AndroidManifest.xml:24:9-41
34        android:requestLegacyExternalStorage="true"
34-->src/main/AndroidManifest.xml:25:9-52
35        android:roundIcon="@mipmap/app_icon"
35-->src/main/AndroidManifest.xml:26:9-45
36        android:testOnly="true"
37        android:theme="@style/AppTheme"
37-->src/main/AndroidManifest.xml:27:9-40
38        android:usesCleartextTraffic="true" >
38-->src/main/AndroidManifest.xml:28:9-44
39        <activity
39-->src/main/AndroidManifest.xml:31:9-40:20
40            android:name="com.bonrix.dynamicqrcode.BTMainActivity"
40-->src/main/AndroidManifest.xml:32:13-43
41            android:exported="true"
41-->src/main/AndroidManifest.xml:33:13-36
42            android:launchMode="singleTask"
42-->src/main/AndroidManifest.xml:34:13-44
43            android:windowSoftInputMode="stateHidden|adjustResize" >
43-->src/main/AndroidManifest.xml:35:13-67
44            <intent-filter>
44-->src/main/AndroidManifest.xml:36:13-39:29
45                <action android:name="android.intent.action.MAIN" />
45-->src/main/AndroidManifest.xml:37:17-69
45-->src/main/AndroidManifest.xml:37:25-66
46
47                <category android:name="android.intent.category.LAUNCHER" />
47-->src/main/AndroidManifest.xml:38:17-77
47-->src/main/AndroidManifest.xml:38:27-74
48            </intent-filter>
49        </activity>
50        <activity android:name="com.bonrix.dynamicqrcode.BluetoothActivity" />
50-->src/main/AndroidManifest.xml:41:9-54
50-->src/main/AndroidManifest.xml:41:19-52
51
52        <service android:name="com.bonrix.dynamicqrcode.SerialService" />
52-->src/main/AndroidManifest.xml:43:9-74
52-->src/main/AndroidManifest.xml:43:18-71
53        <service android:name="com.bonrix.dynamicqrcode.SerialService" />
53-->src/main/AndroidManifest.xml:43:9-74
53-->src/main/AndroidManifest.xml:43:18-71
54
55        <meta-data
55-->src/main/AndroidManifest.xml:45:9-47:57
56            android:name="preloaded_fonts"
56-->src/main/AndroidManifest.xml:46:13-43
57            android:resource="@array/preloaded_fonts" />
57-->src/main/AndroidManifest.xml:47:13-54
58
59        <service android:name="org.eclipse.paho.android.service.MqttService" />
59-->src/main/AndroidManifest.xml:49:9-79
59-->src/main/AndroidManifest.xml:49:18-77
60
61        <provider
61-->[androidx.emoji2:emoji2:1.0.0] AndroidManifest.xml:26:9-34:20
62            android:name="androidx.startup.InitializationProvider"
62-->[androidx.emoji2:emoji2:1.0.0] AndroidManifest.xml:27:13-67
63            android:authorities="com.easovation.customerfacingqrdisplay_bt.androidx-startup"
63-->[androidx.emoji2:emoji2:1.0.0] AndroidManifest.xml:28:13-68
64            android:exported="false" >
64-->[androidx.emoji2:emoji2:1.0.0] AndroidManifest.xml:29:13-37
65            <meta-data
65-->[androidx.emoji2:emoji2:1.0.0] AndroidManifest.xml:31:13-33:52
66                android:name="androidx.emoji2.text.EmojiCompatInitializer"
66-->[androidx.emoji2:emoji2:1.0.0] AndroidManifest.xml:32:17-75
67                android:value="androidx.startup" />
67-->[androidx.emoji2:emoji2:1.0.0] AndroidManifest.xml:33:17-49
68            <meta-data
68-->[androidx.lifecycle:lifecycle-process:2.4.0] AndroidManifest.xml:31:13-33:52
69                android:name="androidx.lifecycle.ProcessLifecycleInitializer"
69-->[androidx.lifecycle:lifecycle-process:2.4.0] AndroidManifest.xml:32:17-78
70                android:value="androidx.startup" />
70-->[androidx.lifecycle:lifecycle-process:2.4.0] AndroidManifest.xml:33:17-49
71        </provider>
72    </application>
73
74</manifest>